2023-08-22 10:11:14,565 INFO o.a.j.u.JMeterUtils: Setting Locale to en_EN
2023-08-22 10:11:14,590 INFO o.a.j.JMeter: Loading user properties from: user.properties
2023-08-22 10:11:14,591 INFO o.a.j.JMeter: Loading system properties from: system.properties
2023-08-22 10:11:14,606 INFO o.a.j.JMeter: Copyright (c) 1998-2021 The Apache Software Foundation
2023-08-22 10:11:14,606 INFO o.a.j.JMeter: Version 5.4.1
2023-08-22 10:11:14,606 INFO o.a.j.JMeter: java.version=1.8.0_202
2023-08-22 10:11:14,607 INFO o.a.j.JMeter: java.vm.name=Java HotSpot(TM) 64-Bit Server VM
2023-08-22 10:11:14,607 INFO o.a.j.JMeter: os.name=Windows 10
2023-08-22 10:11:14,607 INFO o.a.j.JMeter: os.arch=amd64
2023-08-22 10:11:14,607 INFO o.a.j.JMeter: os.version=10.0
2023-08-22 10:11:14,607 INFO o.a.j.JMeter: file.encoding=Cp1252
2023-08-22 10:11:14,607 INFO o.a.j.JMeter: java.awt.headless=true
2023-08-22 10:11:14,607 INFO o.a.j.JMeter: Max memory     =1073741824
2023-08-22 10:11:14,607 INFO o.a.j.JMeter: Available Processors =8
2023-08-22 10:11:14,627 INFO o.a.j.JMeter: Default Locale=English (EN)
2023-08-22 10:11:14,627 INFO o.a.j.JMeter: JMeter  Locale=English (EN)
2023-08-22 10:11:14,628 INFO o.a.j.JMeter: JMeterHome=D:\Automation\apache-jmeter-5.4.1\apache-jmeter-5.4.1
2023-08-22 10:11:14,628 INFO o.a.j.JMeter: user.dir  =D:\Test\jmeter-scripts-cogitate-ih\apache-jmeter-5.4.1\bin
2023-08-22 10:11:14,629 INFO o.a.j.JMeter: PWD       =D:\Test\jmeter-scripts-cogitate-ih\apache-jmeter-5.4.1\bin
2023-08-22 10:11:14,630 INFO o.a.j.JMeter: IP: 10.8.21.201 Name: ZOHEB-HYLA-LT FullName: ZOHEB-HYLA-LT.SEASIAINFOTECH.COM
2023-08-22 10:11:14,635 INFO o.a.j.JMeter: Setting property 'jmeter.reportgenerator.outputdir' to:'D:\Test\jmeter-scripts-cogitate-ih\apache-jmeter-5.4.1\bin\binreport'
2023-08-22 10:11:14,639 INFO o.a.j.r.d.ReportGenerator: ReportGenerator will use for Parsing the separator: ','
2023-08-22 10:11:14,639 INFO o.a.j.r.d.ReportGenerator: Will only generate report from results file: results.jtl
2023-08-22 10:11:14,639 INFO o.a.j.r.d.ReportGenerator: Reading report generator properties from: D:\Automation\apache-jmeter-5.4.1\apache-jmeter-5.4.1\bin\reportgenerator.properties
2023-08-22 10:11:14,642 INFO o.a.j.r.d.ReportGenerator: Merging with JMeter properties
2023-08-22 10:11:14,647 INFO o.a.j.r.c.ReportGeneratorConfiguration: Property 'jmeter.reportgenerator.temp_dir' not found, using default value 'temp' instead.
2023-08-22 10:11:14,649 INFO o.a.j.r.c.ReportGeneratorConfiguration: Property 'jmeter.reportgenerator.apdex_per_transaction' not found, using default value 'null' instead.
2023-08-22 10:11:14,657 INFO o.a.j.r.c.ReportGeneratorConfiguration: apdex_per_transaction is empty, not APDEX per transaction customization
2023-08-22 10:11:14,657 INFO o.a.j.r.c.ReportGeneratorConfiguration: Property 'jmeter.reportgenerator.sample_filter' not found, using default value 'null' instead.
2023-08-22 10:11:14,657 INFO o.a.j.r.c.ReportGeneratorConfiguration: Property 'jmeter.reportgenerator.report_title' not found, using default value 'null' instead.
2023-08-22 10:11:14,658 INFO o.a.j.r.c.ReportGeneratorConfiguration: Property 'jmeter.reportgenerator.start_date' not found, using default value 'null' instead.
2023-08-22 10:11:14,658 INFO o.a.j.r.c.ReportGeneratorConfiguration: Property 'jmeter.reportgenerator.end_date' not found, using default value 'null' instead.
2023-08-22 10:11:14,658 INFO o.a.j.r.c.ReportGeneratorConfiguration: Property 'jmeter.reportgenerator.date_format' not found, using default value 'null' instead.
2023-08-22 10:11:14,658 INFO o.a.j.r.c.ReportGeneratorConfiguration: Will use date range start date: null, end date: null
2023-08-22 10:11:14,662 INFO o.a.j.r.c.ReportGeneratorConfiguration: Property 'jmeter.reportgenerator.graph.totalTPS.exclude_controllers' not found, using default value 'false' instead.
2023-08-22 10:11:14,662 INFO o.a.j.r.c.ReportGeneratorConfiguration: Property 'jmeter.reportgenerator.graph.activeThreadsOverTime.exclude_controllers' not found, using default value 'false' instead.
2023-08-22 10:11:14,663 INFO o.a.j.r.c.ReportGeneratorConfiguration: Property 'jmeter.reportgenerator.graph.timeVsThreads.exclude_controllers' not found, using default value 'false' instead.
2023-08-22 10:11:14,663 INFO o.a.j.r.c.ReportGeneratorConfiguration: Property 'jmeter.reportgenerator.graph.responseTimeDistribution.exclude_controllers' not found, using default value 'false' instead.
2023-08-22 10:11:14,663 INFO o.a.j.r.c.ReportGeneratorConfiguration: Property 'jmeter.reportgenerator.graph.transactionsPerSecond.exclude_controllers' not found, using default value 'false' instead.
2023-08-22 10:11:14,663 INFO o.a.j.r.c.ReportGeneratorConfiguration: Property 'jmeter.reportgenerator.graph.responseTimePercentiles.exclude_controllers' not found, using default value 'false' instead.
2023-08-22 10:11:14,663 INFO o.a.j.r.c.ReportGeneratorConfiguration: Property 'jmeter.reportgenerator.graph.responseTimePercentilesOverTime.exclude_controllers' not found, using default value 'false' instead.
2023-08-22 10:11:14,663 INFO o.a.j.r.c.ReportGeneratorConfiguration: Property 'jmeter.reportgenerator.graph.responseTimesOverTime.exclude_controllers' not found, using default value 'false' instead.
2023-08-22 10:11:14,663 INFO o.a.j.r.c.ReportGeneratorConfiguration: Property 'jmeter.reportgenerator.graph.connectTimeOverTime.exclude_controllers' not found, using default value 'false' instead.
2023-08-22 10:11:14,664 INFO o.a.j.r.c.ReportGeneratorConfiguration: Property 'jmeter.reportgenerator.graph.latenciesOverTime.exclude_controllers' not found, using default value 'false' instead.
2023-08-22 10:11:14,665 INFO o.a.j.r.c.ReportGeneratorConfiguration: Property 'jmeter.reportgenerator.exporter.json.filters_only_sample_series' not found, using default value 'true' instead.
2023-08-22 10:11:14,665 INFO o.a.j.r.c.ReportGeneratorConfiguration: Property 'jmeter.reportgenerator.exporter.json.series_filter' not found, using default value '' instead.
2023-08-22 10:11:14,665 INFO o.a.j.r.c.ReportGeneratorConfiguration: Property 'jmeter.reportgenerator.exporter.json.show_controllers_only' not found, using default value 'false' instead.
2023-08-22 10:11:14,665 INFO o.a.j.r.c.ReportGeneratorConfiguration: Property 'jmeter.reportgenerator.exporter.html.filters_only_sample_series' not found, using default value 'true' instead.
2023-08-22 10:11:14,665 INFO o.a.j.r.c.ReportGeneratorConfiguration: Property 'jmeter.reportgenerator.exporter.html.series_filter' not found, using default value '' instead.
2023-08-22 10:11:14,665 INFO o.a.j.r.c.ReportGeneratorConfiguration: Property 'jmeter.reportgenerator.exporter.html.show_controllers_only' not found, using default value 'false' instead.
2023-08-22 10:11:14,912 INFO o.a.j.s.SaveService: Testplan (JMX) version: 2.2. Testlog (JTL) version: 2.2
2023-08-22 10:11:14,946 INFO o.a.j.s.SaveService: Using SaveService properties file encoding UTF-8
2023-08-22 10:11:14,951 INFO o.a.j.s.SaveService: Using SaveService properties version 5.0
2023-08-22 10:11:14,987 INFO o.a.j.r.p.NormalizerSampleConsumer: Using format, 'ms', to parse timeStamp field
2023-08-22 10:11:15,294 INFO o.a.j.r.p.AbstractSampleConsumer: class org.apache.jmeter.report.processor.AggregateConsumer#stopProducing(): beginDate produced 0 samples
2023-08-22 10:11:15,295 INFO o.a.j.r.p.AbstractSampleConsumer: class org.apache.jmeter.report.processor.AggregateConsumer#stopProducing(): endDate produced 0 samples
2023-08-22 10:11:15,295 INFO o.a.j.r.p.AbstractSampleConsumer: class org.apache.jmeter.report.processor.ApdexSummaryConsumer#stopProducing(): apdexSummary produced 0 samples
2023-08-22 10:11:15,295 INFO o.a.j.r.p.AbstractSampleConsumer: class org.apache.jmeter.report.processor.RequestsSummaryConsumer#stopProducing(): requestsSummary produced 0 samples
2023-08-22 10:11:15,299 INFO o.a.j.r.p.AbstractSampleConsumer: class org.apache.jmeter.report.processor.StatisticsSummaryConsumer#stopProducing(): statisticsSummary produced 0 samples
2023-08-22 10:11:15,309 INFO o.a.j.r.p.AbstractSampleConsumer: class org.apache.jmeter.report.processor.Top5ErrorsBySamplerConsumer#stopProducing(): top5ErrorsBySampler produced 0 samples
2023-08-22 10:11:15,309 INFO o.a.j.r.p.AbstractSampleConsumer: class org.apache.jmeter.report.processor.ErrorsSummaryConsumer#stopProducing(): errorsSummary produced 0 samples
2023-08-22 10:11:15,309 INFO o.a.j.r.p.AbstractSampleConsumer: class org.apache.jmeter.report.processor.graph.impl.HitsPerSecondGraphConsumer#stopProducing(): hitsPerSecond produced 0 samples
2023-08-22 10:11:15,321 INFO o.a.j.r.p.AbstractSampleConsumer: class org.apache.jmeter.report.processor.graph.impl.LatencyVSRequestGraphConsumer#stopProducing(): latencyVsRequest produced 0 samples
2023-08-22 10:11:15,321 INFO o.a.j.r.p.AbstractSampleConsumer: class org.apache.jmeter.report.processor.graph.impl.SyntheticResponseTimeDistributionGraphConsumer#stopProducing(): syntheticResponseTimeDistribution produced 0 samples
2023-08-22 10:11:15,322 INFO o.a.j.r.p.AbstractSampleConsumer: class org.apache.jmeter.report.processor.graph.impl.BytesThroughputGraphConsumer#stopProducing(): bytesThroughputOverTime produced 0 samples
2023-08-22 10:11:15,322 INFO o.a.j.r.p.AbstractSampleConsumer: class org.apache.jmeter.report.processor.graph.impl.CodesPerSecondGraphConsumer#stopProducing(): codesPerSecond produced 0 samples
2023-08-22 10:11:15,325 INFO o.a.j.r.p.AbstractSampleConsumer: class org.apache.jmeter.report.processor.graph.impl.ResponseTimeVSRequestGraphConsumer#stopProducing(): responseTimeVsRequest produced 0 samples
2023-08-22 10:11:15,325 INFO o.a.j.r.p.AbstractSampleConsumer: class org.apache.jmeter.report.processor.FilterConsumer#stopProducing(): startIntervalControlerFilter produced 0 samples
2023-08-22 10:11:15,325 INFO o.a.j.r.p.AbstractSampleConsumer: class org.apache.jmeter.report.processor.graph.impl.TotalTPSGraphConsumer#stopProducing(): totalTPS produced 0 samples
2023-08-22 10:11:15,325 INFO o.a.j.r.p.AbstractSampleConsumer: class org.apache.jmeter.report.processor.graph.impl.ActiveThreadsGraphConsumer#stopProducing(): activeThreadsOverTime produced 0 samples
2023-08-22 10:11:15,325 INFO o.a.j.r.p.AbstractSampleConsumer: class org.apache.jmeter.report.processor.graph.impl.TimeVSThreadGraphConsumer#stopProducing(): timeVsThreads produced 0 samples
2023-08-22 10:11:15,325 INFO o.a.j.r.p.AbstractSampleConsumer: class org.apache.jmeter.report.processor.graph.impl.ResponseTimeDistributionGraphConsumer#stopProducing(): responseTimeDistribution produced 0 samples
2023-08-22 10:11:15,325 INFO o.a.j.r.p.AbstractSampleConsumer: class org.apache.jmeter.report.processor.graph.impl.TransactionsPerSecondGraphConsumer#stopProducing(): transactionsPerSecond produced 0 samples
2023-08-22 10:11:15,325 INFO o.a.j.r.p.AbstractSampleConsumer: class org.apache.jmeter.report.processor.graph.impl.ResponseTimePercentilesGraphConsumer#stopProducing(): responseTimePercentiles produced 0 samples
2023-08-22 10:11:15,326 INFO o.a.j.r.p.AbstractSampleConsumer: class org.apache.jmeter.report.processor.graph.impl.ResponseTimePercentilesOverTimeGraphConsumer#stopProducing(): responseTimePercentilesOverTime produced 0 samples
2023-08-22 10:11:15,326 INFO o.a.j.r.p.AbstractSampleConsumer: class org.apache.jmeter.report.processor.graph.impl.ResponseTimeOverTimeGraphConsumer#stopProducing(): responseTimesOverTime produced 0 samples
2023-08-22 10:11:15,327 INFO o.a.j.r.p.AbstractSampleConsumer: class org.apache.jmeter.report.processor.graph.impl.ConnectTimeOverTimeGraphConsumer#stopProducing(): connectTimeOverTime produced 0 samples
2023-08-22 10:11:15,327 INFO o.a.j.r.p.AbstractSampleConsumer: class org.apache.jmeter.report.processor.graph.impl.LatencyOverTimeGraphConsumer#stopProducing(): latenciesOverTime produced 0 samples
2023-08-22 10:11:15,327 INFO o.a.j.r.p.AbstractSampleConsumer: class org.apache.jmeter.report.processor.FilterConsumer#stopProducing(): nameFilter produced 60 samples
2023-08-22 10:11:15,327 INFO o.a.j.r.p.AbstractSampleConsumer: class org.apache.jmeter.report.processor.FilterConsumer#stopProducing(): dateRangeFilter produced 12 samples
2023-08-22 10:11:15,327 INFO o.a.j.r.p.AbstractSampleConsumer: class org.apache.jmeter.report.processor.NormalizerSampleConsumer#stopProducing(): normalizer produced 4 samples
2023-08-22 10:11:15,327 INFO o.a.j.r.p.CsvFileSampleSource: produce(): 4 samples produced in 313ms on channel 0
2023-08-22 10:11:15,327 INFO o.a.j.r.d.ReportGenerator: Exporting data using exporter:'json' of className:'org.apache.jmeter.report.dashboard.JsonExporter'
2023-08-22 10:11:15,466 INFO o.a.j.r.d.JsonExporter: Found data for consumer statisticsSummary in context
2023-08-22 10:11:15,466 INFO o.a.j.r.d.JsonExporter: Creating statistics for overall
2023-08-22 10:11:15,467 INFO o.a.j.r.d.JsonExporter: Creating statistics for other transactions
2023-08-22 10:11:15,471 INFO o.a.j.r.d.JsonExporter: Checking output folder
2023-08-22 10:11:15,472 INFO o.a.j.r.d.JsonExporter: Writing statistics JSON to D:\Test\jmeter-scripts-cogitate-ih\apache-jmeter-5.4.1\bin\binreport\statistics.json
2023-08-22 10:11:15,510 INFO o.a.j.r.d.ReportGenerator: Exporting data using exporter:'html' of className:'org.apache.jmeter.report.dashboard.HtmlTemplateExporter'
2023-08-22 10:11:15,513 INFO o.a.j.r.d.HtmlTemplateExporter: Will generate dashboard in folder: D:\Test\jmeter-scripts-cogitate-ih\apache-jmeter-5.4.1\bin\binreport
2023-08-22 10:11:15,606 INFO o.a.j.r.d.HtmlTemplateExporter: Report will be generated in: D:\Test\jmeter-scripts-cogitate-ih\apache-jmeter-5.4.1\bin\binreport, creating folder structure
2023-08-22 10:11:15,609 INFO o.a.j.r.d.TemplateVisitor: Copying folder from 'D:\Automation\apache-jmeter-5.4.1\apache-jmeter-5.4.1\bin\report-template' to 'D:\Test\jmeter-scripts-cogitate-ih\apache-jmeter-5.4.1\bin\binreport', got message: D:\Test\jmeter-scripts-cogitate-ih\apache-jmeter-5.4.1\bin\binreport, found non empty folder with following content [D:\Test\jmeter-scripts-cogitate-ih\apache-jmeter-5.4.1\bin\binreport\statistics.json], will be ignored
