2023-11-01 07:24:28,210 INFO o.a.j.u.JMeterUtils: Setting Locale to en_EN
2023-11-01 07:24:28,248 INFO o.a.j.JMeter: Loading user properties from: user.properties
2023-11-01 07:24:28,249 INFO o.a.j.JMeter: Loading system properties from: system.properties
2023-11-01 07:24:28,257 INFO o.a.j.JMeter: Copyright (c) 1998-2023 The Apache Software Foundation
2023-11-01 07:24:28,257 INFO o.a.j.JMeter: Version 5.6.2
2023-11-01 07:24:28,257 INFO o.a.j.JMeter: java.version=11.0.21
2023-11-01 07:24:28,258 INFO o.a.j.JMeter: java.vm.name=OpenJDK 64-Bit Server VM
2023-11-01 07:24:28,258 INFO o.a.j.JMeter: os.name=Linux
2023-11-01 07:24:28,258 INFO o.a.j.JMeter: os.arch=amd64
2023-11-01 07:24:28,258 INFO o.a.j.JMeter: os.version=5.10.0-26-cloud-amd64
2023-11-01 07:24:28,258 INFO o.a.j.JMeter: file.encoding=UTF-8
2023-11-01 07:24:28,258 INFO o.a.j.JMeter: java.awt.headless=true
2023-11-01 07:24:28,258 INFO o.a.j.JMeter: Max memory     =1073741824
2023-11-01 07:24:28,258 INFO o.a.j.JMeter: Available Processors =4
2023-11-01 07:24:28,272 INFO o.a.j.JMeter: Default Locale=English (EN)
2023-11-01 07:24:28,273 INFO o.a.j.JMeter: JMeter  Locale=English (EN)
2023-11-01 07:24:28,273 INFO o.a.j.JMeter: JMeterHome=/home/auto_bugraptors/jmeter-scripts-cogitate-ih/apache-jmeter-5.6.2
2023-11-01 07:24:28,273 INFO o.a.j.JMeter: user.dir  =/home/auto_bugraptors/jmeter-scripts-cogitate-ih/apache-jmeter-5.6.2/bin
2023-11-01 07:24:28,273 INFO o.a.j.JMeter: PWD       =/home/auto_bugraptors/jmeter-scripts-cogitate-ih/apache-jmeter-5.6.2/bin
2023-11-01 07:24:28,274 INFO o.a.j.JMeter: IP: 10.128.0.37 Name: demo-master FullName: demo-master.us-central1-a.c.ih-project-396106.internal
2023-11-01 07:24:28,297 INFO o.a.j.s.FileServer: Default base='/home/auto_bugraptors/jmeter-scripts-cogitate-ih/apache-jmeter-5.6.2/bin'
2023-11-01 07:24:28,299 INFO o.a.j.s.FileServer: Set new base='/home/auto_bugraptors/jmeter-scripts-cogitate-ih/apache-jmeter-5.6.2/bin'
2023-11-01 07:24:28,606 INFO o.a.j.s.SaveService: Testplan (JMX) version: 2.2. Testlog (JTL) version: 2.2
2023-11-01 07:24:28,643 INFO o.a.j.s.SaveService: Using SaveService properties version 5.0
2023-11-01 07:24:28,647 INFO o.a.j.s.SaveService: Using SaveService properties file encoding UTF-8
2023-11-01 07:24:28,651 INFO o.a.j.s.SaveService: Loading file: IH.jmx
2023-11-01 07:24:28,914 INFO o.a.j.s.SampleResult: Note: Sample TimeStamps are START times
2023-11-01 07:24:28,914 INFO o.a.j.s.SampleResult: sampleresult.default.encoding is set to UTF-8
2023-11-01 07:24:28,914 INFO o.a.j.s.SampleResult: sampleresult.useNanoTime=true
2023-11-01 07:24:28,914 INFO o.a.j.s.SampleResult: sampleresult.nanoThreadSleep=5000
2023-11-01 07:24:29,474 INFO o.a.j.JMeter: Creating summariser <summary>
2023-11-01 07:24:29,489 INFO o.a.j.e.StandardJMeterEngine: Running the test!
2023-11-01 07:24:29,492 INFO o.a.j.s.SampleEvent: List of sample_variables: []
2023-11-01 07:24:29,493 INFO o.a.j.s.SampleEvent: List of sample_variables: []
2023-11-01 07:24:29,517 INFO o.a.j.e.u.CompoundVariable: Note: Function class names must contain the string: '.functions.'
2023-11-01 07:24:29,517 INFO o.a.j.e.u.CompoundVariable: Note: Function class names must not contain the string: '.gui.'
2023-11-01 07:24:29,594 INFO o.a.j.r.ClassFinder: Will scan jar /home/auto_bugraptors/jmeter-scripts-cogitate-ih/apache-jmeter-5.6.2/lib/ext/jmeter-plugins-manager-1.9.jar with filter ExtendsClassFilter [parents=[interface org.apache.jmeter.functions.Function], inner=false, contains=null, notContains=null]. Consider exposing JMeter plugins via META-INF/services, and add JMeter-Skip-Class-Scanning=true manifest attribute so JMeter can skip classfile scanning
2023-11-01 07:24:29,764 INFO o.a.j.r.ClassFinder: Will scan jar /home/auto_bugraptors/jmeter-scripts-cogitate-ih/apache-jmeter-5.6.2/lib/ext/jmeter-plugins-webdriver-4.10.0.0.jar with filter ExtendsClassFilter [parents=[interface org.apache.jmeter.functions.Function], inner=false, contains=null, notContains=null]. Consider exposing JMeter plugins via META-INF/services, and add JMeter-Skip-Class-Scanning=true manifest attribute so JMeter can skip classfile scanning
2023-11-01 07:24:29,786 INFO o.a.j.r.ClassFinder: Will scan jar /home/auto_bugraptors/jmeter-scripts-cogitate-ih/apache-jmeter-5.6.2/lib/ext/jmeter-plugins-manager-1.10.jar with filter ExtendsClassFilter [parents=[interface org.apache.jmeter.functions.Function], inner=false, contains=null, notContains=null]. Consider exposing JMeter plugins via META-INF/services, and add JMeter-Skip-Class-Scanning=true manifest attribute so JMeter can skip classfile scanning
2023-11-01 07:24:29,789 INFO o.a.j.r.ClassFinder: Will scan jar /home/auto_bugraptors/jmeter-scripts-cogitate-ih/apache-jmeter-5.6.2/lib/ext/tag-jmeter-extn-1.1.jar with filter ExtendsClassFilter [parents=[interface org.apache.jmeter.functions.Function], inner=false, contains=null, notContains=null]. Consider exposing JMeter plugins via META-INF/services, and add JMeter-Skip-Class-Scanning=true manifest attribute so JMeter can skip classfile scanning
2023-11-01 07:24:29,791 INFO o.a.j.r.ClassFinder: Will scan jar /home/auto_bugraptors/jmeter-scripts-cogitate-ih/apache-jmeter-5.6.2/lib/ext/jmeter-plugins-csvars-0.1.jar with filter ExtendsClassFilter [parents=[interface org.apache.jmeter.functions.Function], inner=false, contains=null, notContains=null]. Consider exposing JMeter plugins via META-INF/services, and add JMeter-Skip-Class-Scanning=true manifest attribute so JMeter can skip classfile scanning
2023-11-01 07:24:30,110 INFO o.a.j.JMeter: Running test (1698823470110)
2023-11-01 07:24:30,158 INFO o.a.j.e.StandardJMeterEngine: Starting ThreadGroup: 1 : Thread Group
2023-11-01 07:24:30,158 INFO o.a.j.e.StandardJMeterEngine: Starting 4 threads for group Thread Group.
2023-11-01 07:24:30,158 INFO o.a.j.e.StandardJMeterEngine: Thread will start next loop on error
2023-11-01 07:24:30,158 INFO o.a.j.t.ThreadGroup: Starting thread group... number=1 threads=4 ramp-up=1 delayedStart=false
2023-11-01 07:24:30,239 INFO o.a.j.t.JMeterThread: Thread started: Thread Group 1-1
2023-11-01 07:24:30,375 INFO o.a.j.t.ThreadGroup: Started thread group number 1
2023-11-01 07:24:30,375 INFO o.a.j.e.StandardJMeterEngine: All thread groups have been started
2023-11-01 07:24:30,512 INFO o.a.j.t.JMeterThread: Thread started: Thread Group 1-2
2023-11-01 07:24:30,728 INFO o.a.j.t.JMeterThread: Thread started: Thread Group 1-3
2023-11-01 07:24:30,941 INFO o.a.j.t.JMeterThread: Thread started: Thread Group 1-4
2023-11-01 07:24:32,190 INFO o.a.j.s.FileServer: Stored: Flow.csv
2023-11-01 07:24:34,114 INFO o.a.j.r.Summariser: summary +      1 in 00:00:04 =    0.2/s Avg:  1591 Min:  1591 Max:  1591 Err:     0 (0.00%) Active: 4 Started: 4 Finished: 0
2023-11-01 07:24:34,182 INFO o.a.j.s.FileServer: Stored: NewBusinessCoveragesDetails.csv
2023-11-01 07:24:34,183 INFO o.a.j.s.FileServer: Stored: NewBusinessVehiclesDetails.csv
2023-11-01 07:24:34,196 INFO o.a.j.s.FileServer: Stored: NewBusinessDriversDetails.csv
2023-11-01 07:24:34,197 INFO o.a.j.s.FileServer: Stored: NewBusinessPolicyInfo.csv
2023-11-01 07:24:34,198 INFO o.a.j.s.FileServer: Stored: NewBusinessLoginDetails.csv
2023-11-01 07:24:40,974 ERROR c.g.j.p.w.s.WebDriverSampler: no such element: Unable to locate element: {"method":"css selector","selector":"#nprogress"}
  (Session info: chrome=119.0.6045.105)
For documentation on this error, please visit: https://www.selenium.dev/documentation/webdriver/troubleshooting/errors#no-such-element-exception
Build info: version: '4.10.0', revision: 'c14d967899'
System info: os.name: 'Linux', os.arch: 'amd64', os.version: '5.10.0-26-cloud-amd64', java.version: '11.0.21'
Driver info: org.openqa.selenium.chrome.ChromeDriver
Command: [19d47a9e9a04ef8d5b6b1da50dd9d394, findElement {using=id, value=nprogress}]
Capabilities {acceptInsecureCerts: true, browserName: chrome, browserVersion: 119.0.6045.105, chrome: {chromedriverVersion: 119.0.6045.105 (38c72552c5e..., userDataDir: /tmp/.org.chromium.Chromium...}, fedcm:accounts: true, goog:chromeOptions: {debuggerAddress: localhost:35143}, networkConnectionEnabled: false, pageLoadStrategy: normal, platformName: linux, proxy: Proxy(system), se:cdp: ws://localhost:35143/devtoo..., se:cdpVersion: 119.0.6045.105, setWindowRect: true, strictFileInteractability: false, timeouts: {implicit: 0, pageLoad: 300000, script: 30000}, unhandledPromptBehavior: dismiss and notify, webauthn:extension:credBlob: true, webauthn:extension:largeBlob: true, webauthn:extension:minPinLength: true, webauthn:extension:prf: true, webauthn:virtualAuthenticators: true}
Session ID: 19d47a9e9a04ef8d5b6b1da50dd9d394
2023-11-01 07:24:40,982 INFO o.a.j.t.JMeterThread: Thread is done: Thread Group 1-2
2023-11-01 07:24:40,982 INFO o.a.j.t.JMeterThread: Thread finished: Thread Group 1-2
2023-11-01 07:24:40,990 ERROR c.g.j.p.w.s.WebDriverSampler: no such element: Unable to locate element: {"method":"css selector","selector":"#nprogress"}
  (Session info: chrome=119.0.6045.105)
For documentation on this error, please visit: https://www.selenium.dev/documentation/webdriver/troubleshooting/errors#no-such-element-exception
Build info: version: '4.10.0', revision: 'c14d967899'
System info: os.name: 'Linux', os.arch: 'amd64', os.version: '5.10.0-26-cloud-amd64', java.version: '11.0.21'
Driver info: org.openqa.selenium.chrome.ChromeDriver
Command: [3477091c0fa493948294e6316455d900, findElement {using=id, value=nprogress}]
Capabilities {acceptInsecureCerts: true, browserName: chrome, browserVersion: 119.0.6045.105, chrome: {chromedriverVersion: 119.0.6045.105 (38c72552c5e..., userDataDir: /tmp/.org.chromium.Chromium...}, fedcm:accounts: true, goog:chromeOptions: {debuggerAddress: localhost:42673}, networkConnectionEnabled: false, pageLoadStrategy: normal, platformName: linux, proxy: Proxy(system), se:cdp: ws://localhost:42673/devtoo..., se:cdpVersion: 119.0.6045.105, setWindowRect: true, strictFileInteractability: false, timeouts: {implicit: 0, pageLoad: 300000, script: 30000}, unhandledPromptBehavior: dismiss and notify, webauthn:extension:credBlob: true, webauthn:extension:largeBlob: true, webauthn:extension:minPinLength: true, webauthn:extension:prf: true, webauthn:virtualAuthenticators: true}
Session ID: 3477091c0fa493948294e6316455d900
2023-11-01 07:24:40,992 INFO o.a.j.t.JMeterThread: Thread is done: Thread Group 1-4
2023-11-01 07:24:40,992 INFO o.a.j.t.JMeterThread: Thread finished: Thread Group 1-4
2023-11-01 07:24:45,866 ERROR c.g.j.p.w.s.WebDriverSampler: element click intercepted: Element is not clickable at point (461, 882)
  (Session info: chrome=119.0.6045.105)
Build info: version: '4.10.0', revision: 'c14d967899'
System info: os.name: 'Linux', os.arch: 'amd64', os.version: '5.10.0-26-cloud-amd64', java.version: '11.0.21'
Driver info: org.openqa.selenium.chrome.ChromeDriver
Command: [20cc4361dc230af7bdcd91ab34a23135, clickElement {id=09194D1F561AA88E6D4A712988C2F984_element_62}]
Capabilities {acceptInsecureCerts: true, browserName: chrome, browserVersion: 119.0.6045.105, chrome: {chromedriverVersion: 119.0.6045.105 (38c72552c5e..., userDataDir: /tmp/.org.chromium.Chromium...}, fedcm:accounts: true, goog:chromeOptions: {debuggerAddress: localhost:36653}, networkConnectionEnabled: false, pageLoadStrategy: normal, platformName: linux, proxy: Proxy(system), se:cdp: ws://localhost:36653/devtoo..., se:cdpVersion: 119.0.6045.105, setWindowRect: true, strictFileInteractability: false, timeouts: {implicit: 0, pageLoad: 300000, script: 30000}, unhandledPromptBehavior: dismiss and notify, webauthn:extension:credBlob: true, webauthn:extension:largeBlob: true, webauthn:extension:minPinLength: true, webauthn:extension:prf: true, webauthn:virtualAuthenticators: true}
Element: [[ChromeDriver: chrome on linux (20cc4361dc230af7bdcd91ab34a23135)] -> xpath: //div[@class=' css-1xc3v61-indicatorContainer']]
Session ID: 20cc4361dc230af7bdcd91ab34a23135
2023-11-01 07:24:45,867 INFO o.a.j.t.JMeterThread: Thread is done: Thread Group 1-1
2023-11-01 07:24:45,867 INFO o.a.j.t.JMeterThread: Thread finished: Thread Group 1-1
2023-11-01 07:24:46,202 ERROR c.g.j.p.w.s.WebDriverSampler: element click intercepted: Element is not clickable at point (461, 758)
  (Session info: chrome=119.0.6045.105)
Build info: version: '4.10.0', revision: 'c14d967899'
System info: os.name: 'Linux', os.arch: 'amd64', os.version: '5.10.0-26-cloud-amd64', java.version: '11.0.21'
Driver info: org.openqa.selenium.chrome.ChromeDriver
Command: [f5b85a6a2ea81a35491c24e8a1bb3383, clickElement {id=96C2EABC32F39788D2AE142E1EEA6B59_element_61}]
Capabilities {acceptInsecureCerts: true, browserName: chrome, browserVersion: 119.0.6045.105, chrome: {chromedriverVersion: 119.0.6045.105 (38c72552c5e..., userDataDir: /tmp/.org.chromium.Chromium...}, fedcm:accounts: true, goog:chromeOptions: {debuggerAddress: localhost:39145}, networkConnectionEnabled: false, pageLoadStrategy: normal, platformName: linux, proxy: Proxy(system), se:cdp: ws://localhost:39145/devtoo..., se:cdpVersion: 119.0.6045.105, setWindowRect: true, strictFileInteractability: false, timeouts: {implicit: 0, pageLoad: 300000, script: 30000}, unhandledPromptBehavior: dismiss and notify, webauthn:extension:credBlob: true, webauthn:extension:largeBlob: true, webauthn:extension:minPinLength: true, webauthn:extension:prf: true, webauthn:virtualAuthenticators: true}
Element: [[ChromeDriver: chrome on linux (f5b85a6a2ea81a35491c24e8a1bb3383)] -> xpath: //div[@class=' css-1xc3v61-indicatorContainer']]
Session ID: f5b85a6a2ea81a35491c24e8a1bb3383
2023-11-01 07:24:46,203 INFO o.a.j.t.JMeterThread: Thread is done: Thread Group 1-3
2023-11-01 07:24:46,203 INFO o.a.j.t.JMeterThread: Thread finished: Thread Group 1-3
2023-11-01 07:24:46,306 INFO o.a.j.e.StandardJMeterEngine: Notifying test listeners of end of test
2023-11-01 07:24:46,307 INFO o.a.j.s.FileServer: Close: NewBusinessLoginDetails.csv
2023-11-01 07:24:46,312 INFO o.a.j.s.FileServer: Close: Flow.csv
2023-11-01 07:24:46,313 INFO o.a.j.s.FileServer: Close: NewBusinessCoveragesDetails.csv
2023-11-01 07:24:46,313 INFO o.a.j.s.FileServer: Close: NewBusinessVehiclesDetails.csv
2023-11-01 07:24:46,313 INFO o.a.j.s.FileServer: Close: NewBusinessDriversDetails.csv
2023-11-01 07:24:46,314 INFO o.a.j.s.FileServer: Close: NewBusinessPolicyInfo.csv
2023-11-01 07:24:46,317 INFO o.a.j.r.Summariser: summary +      3 in 00:00:12 =    0.2/s Avg:  1769 Min:  1704 Max:  1820 Err:     0 (0.00%) Active: 0 Started: 4 Finished: 4
2023-11-01 07:24:46,317 INFO o.a.j.r.Summariser: summary =      4 in 00:00:16 =    0.2/s Avg:  1724 Min:  1591 Max:  1820 Err:     0 (0.00%)
